{"timestamp": "2025-07-31T02:29:06.029078", "level": "INFO", "category": "SYSTEM", "component": "app.utils.job_database", "message": "Database tables and indexes created/verified"}
{"timestamp": "2025-07-31T02:29:06.029458", "level": "INFO", "category": "SYSTEM", "component": "app.utils.job_database", "message": "Job Database initialized: runtime\\data\\kassia_webui_jobs.db"}
{"timestamp": "2025-07-31T02:29:06.030737", "level": "INFO", "category": "WEBUI", "component": "kassia.webui", "message": "Database initialized", "details": {"database_path": "runtime\\data\\kassia_webui_jobs.db", "database_size_mb": 0.06}}
{"timestamp": "2025-07-31T02:29:06.031249", "level": "INFO", "category": "WEBUI", "component": "kassia.webui", "message": "Kassia WebUI starting", "details": {"version": "2.0.0", "startup_time": "2025-07-31T02:29:06.031243", "database_enabled": true}}
{"timestamp": "2025-07-31T02:29:06.032594", "level": "INFO", "category": "WEBUI", "component": "kassia.webui.jobs", "message": "Loaded 1 jobs from database"}
{"timestamp": "2025-07-31T02:29:06.082273", "level": "INFO", "category": "WEBUI", "component": "kassia.webui", "message": "Kassia WebUI started successfully", "details": {"startup_complete": true, "endpoints_count": 25, "database_path": "runtime\\data\\kassia_webui_jobs.db", "database_enabled": true}}
{"timestamp": "2025-07-31T02:29:06.085982", "level": "INFO", "category": "SYSTEM", "component": "app.utils.job_database", "message": "Daily statistics updated for 2025-07-31"}
{"timestamp": "2025-07-31T02:29:06.086256", "level": "INFO", "category": "WEBUI", "component": "kassia.webui", "message": "Daily statistics updated on startup"}
{"timestamp": "2025-07-31T02:29:08.324205", "level": "INFO", "category": "WORKFLOW", "component": "kassia.webui", "message": "Operation started: list_devices", "details": {"operation": "list_devices", "operation_status": "started"}}
{"timestamp": "2025-07-31T02:29:08.327035", "level": "INFO", "category": "WORKFLOW", "component": "kassia.webui", "message": "Operation completed: list_devices (0.002s)", "details": {"operation": "list_devices", "operation_status": "completed", "duration_seconds": 0.002, "device_count": 2, "devices": ["xX-32A", "xX-39A"]}}
{"timestamp": "2025-07-31T02:29:08.528056", "level": "INFO", "category": "WEBUI", "component": "kassia.webui", "message": "WebSocket connection established", "details": {"client_ip": "127.0.0.1", "connection_count": 1}}
{"timestamp": "2025-07-31T02:29:11.459934", "level": "INFO", "category": "WORKFLOW", "component": "kassia.webui", "message": "Operation started: list_devices", "details": {"operation": "list_devices", "operation_status": "started"}}
{"timestamp": "2025-07-31T02:29:11.462253", "level": "INFO", "category": "WORKFLOW", "component": "kassia.webui", "message": "Operation completed: list_devices (0.002s)", "details": {"operation": "list_devices", "operation_status": "completed", "duration_seconds": 0.002, "device_count": 2, "devices": ["xX-32A", "xX-39A"]}}
{"timestamp": "2025-07-31T02:29:15.821121", "level": "INFO", "category": "WORKFLOW", "component": "kassia.webui", "message": "Operation started: get_assets", "details": {"device": "xX-32A", "os_id": 10, "operation": "get_assets", "operation_status": "started"}}
{"timestamp": "2025-07-31T02:29:15.828697", "level": "INFO", "category": "SYSTEM", "component": "app.core.asset_providers.local", "message": "LocalAssetProvider initialized:"}
{"timestamp": "2025-07-31T02:29:15.829147", "level": "INFO", "category": "SYSTEM", "component": "app.core.asset_providers.local", "message": "  Assets path: assets"}
{"timestamp": "2025-07-31T02:29:15.829463", "level": "INFO", "category": "SYSTEM", "component": "app.core.asset_providers.local", "message": "  Drivers path: C:\\Users\\z004ac7v\\Kassia\\Python\\assets\\drivers"}
{"timestamp": "2025-07-31T02:29:15.829656", "level": "INFO", "category": "SYSTEM", "component": "app.core.asset_providers.local", "message": "  Updates path: C:\\Users\\z004ac7v\\Kassia\\Python\\assets\\updates"}
{"timestamp": "2025-07-31T02:29:15.829797", "level": "INFO", "category": "SYSTEM", "component": "app.core.asset_providers.local", "message": "  SBI path: C:\\Users\\z004ac7v\\Kassia\\Python\\assets\\sbi"}
{"timestamp": "2025-07-31T02:29:15.829983", "level": "INFO", "category": "SYSTEM", "component": "app.core.asset_providers.local", "message": "  Yunona path: C:\\Users\\z004ac7v\\Kassia\\Python\\assets\\yunona"}
{"timestamp": "2025-07-31T02:29:15.830192", "level": "INFO", "category": "SYSTEM", "component": "app.core.asset_providers.local", "message": "  OS WIM map: {'10': 'D:\\\\assets\\\\sbi\\\\w10_enterprise.wim', '21656': 'D:\\\\assets\\\\sbi\\\\w11_enterprise.wim'}"}
{"timestamp": "2025-07-31T02:29:15.830327", "level": "INFO", "category": "ASSET", "component": "kassia.webui", "message": "Asset provider initialized", "details": {"device": "xX-32A", "os_id": 10, "provider_config": {"driverRoot": "C:\\Users\\z004ac7v\\Kassia\\Python\\assets\\drivers", "updateRoot": "C:\\Users\\z004ac7v\\Kassia\\Python\\assets\\updates", "sbiRoot": "C:\\Users\\z004ac7v\\Kassia\\Python\\assets\\sbi", "yunonaPath": "C:\\Users\\z004ac7v\\Kassia\\Python\\assets\\yunona", "osWimMap": {"10": "D:\\assets\\sbi\\w10_enterprise.wim", "21656": "D:\\assets\\sbi\\w11_enterprise.wim"}}}}
{"timestamp": "2025-07-31T02:29:15.830559", "level": "INFO", "category": "SYSTEM", "component": "app.core.asset_providers.local", "message": "Checking configured WIM path for OS 10: D:\\assets\\sbi\\w10_enterprise.wim"}
{"timestamp": "2025-07-31T02:29:15.831065", "level": "INFO", "category": "SYSTEM", "component": "app.core.asset_providers.local", "message": "Found SBI via config mapping: D:\\assets\\sbi\\w10_enterprise.wim"}
{"timestamp": "2025-07-31T02:29:15.832001", "level": "INFO", "category": "ASSET", "component": "kassia.webui", "message": "SBI asset found", "details": {"device": "xX-32A", "os_id": 10, "name": "w10_enterprise", "path": "D:\\assets\\sbi\\w10_enterprise.wim", "size_mb": 510.57147312164307, "valid": true}}
{"timestamp": "2025-07-31T02:29:15.862766", "level": "INFO", "category": "SYSTEM", "component": "app.core.asset_providers.local", "message": "Found 3 compatible drivers for xX-32A OS 10"}
{"timestamp": "2025-07-31T02:29:15.875062", "level": "INFO", "category": "SYSTEM", "component": "app.core.asset_providers.local", "message": "Found 384 INF files in C:\\Users\\z004ac7v\\Kassia\\Python\\assets\\drivers\\IntelChipset_10.1.19502.8391"}
{"timestamp": "2025-07-31T02:29:15.876226", "level": "INFO", "category": "SYSTEM", "component": "app.core.asset_providers.local", "message": "Found configuration files: ['IntelChipset_10.1.19502.8391.json']"}
{"timestamp": "2025-07-31T02:29:15.877573", "level": "INFO", "category": "SYSTEM", "component": "app.core.asset_providers.local", "message": "Found 1 APPX files in C:\\Users\\z004ac7v\\Kassia\\Python\\assets\\drivers\\IntelHSA_18.1.1041.0"}
{"timestamp": "2025-07-31T02:29:15.878895", "level": "INFO", "category": "SYSTEM", "component": "app.core.asset_providers.local", "message": "Found configuration files: ['IntelHSA_18.1.1041.0.json']"}
{"timestamp": "2025-07-31T02:29:15.879569", "level": "INFO", "category": "SYSTEM", "component": "app.core.asset_providers.local", "message": "Found 1 EXE files in C:\\Users\\z004ac7v\\Kassia\\Python\\assets\\drivers\\SiemensRaidDeamon_1.1.0"}
{"timestamp": "2025-07-31T02:29:15.880092", "level": "INFO", "category": "SYSTEM", "component": "app.core.asset_providers.local", "message": "Found configuration files: ['SiemensRaidDeamon_1.1.0.json']"}
{"timestamp": "2025-07-31T02:29:15.880458", "level": "INFO", "category": "DRIVER", "component": "kassia.webui", "message": "Driver assets discovered", "details": {"device": "xX-32A", "os_id": 10, "count": 3, "validation_results": [{"name": "Intel Chipset Device Software", "type": "inf", "family_id": 20002, "valid": true}, {"name": "Intel Optane Memory and Storage Management", "type": "appx", "family_id": 21706, "valid": true}, {"name": "SIMATIC IPC Raid Warning Deamon", "type": "exe", "family_id": 20056, "valid": true}]}}
{"timestamp": "2025-07-31T02:29:15.888289", "level": "INFO", "category": "SYSTEM", "component": "app.core.asset_providers.local", "message": "Found 4 compatible updates for OS 10"}
{"timestamp": "2025-07-31T02:29:15.889728", "level": "INFO", "category": "UPDATE", "component": "kassia.webui", "message": "Update assets discovered", "details": {"device": "xX-32A", "os_id": 10, "count": 4, "validation_results": [{"name": "2025-01 Servicing Stack Update", "type": "msu", "version": "KB5034440", "valid": true}, {"name": "2025-01 Cumulative Update for Windows 10", "type": "msu", "version": "KB5034441", "valid": true}, {"name": "Microsoft .NET Framework 4.8.1", "type": "exe", "version": "4.8.1", "valid": true}, {"name": "Visual C++ 2022 Redistributable", "type": "exe", "version": "14.38.33135", "valid": true}]}}
{"timestamp": "2025-07-31T02:29:15.892430", "level": "INFO", "category": "SYSTEM", "component": "app.core.asset_providers.local", "message": "Found 1 Yunona scripts"}
{"timestamp": "2025-07-31T02:29:15.894965", "level": "INFO", "category": "ASSET", "component": "kassia.webui", "message": "Yunona scripts discovered", "details": {"device": "xX-32A", "os_id": 10, "count": 1}}
{"timestamp": "2025-07-31T02:29:15.895604", "level": "INFO", "category": "WORKFLOW", "component": "kassia.webui", "message": "Operation completed: get_assets (0.074s)", "details": {"device": "xX-32A", "os_id": 10, "operation": "get_assets", "operation_status": "completed", "duration_seconds": 0.074, "sbi_found": true, "drivers_count": 3, "updates_count": 4, "scripts_count": 1}}
{"timestamp": "2025-07-31T02:29:18.980214", "level": "INFO", "category": "WORKFLOW", "component": "kassia.webui", "message": "Operation started: start_build", "details": {"operation": "start_build", "operation_status": "started"}}
{"timestamp": "2025-07-31T02:29:18.988776", "level": "INFO", "category": "SYSTEM", "component": "app.utils.job_database", "message": "Job created in database: 8952e939-5a19-4f38-982e-5b8a84cfe6ab"}
{"timestamp": "2025-07-31T02:29:18.990347", "level": "INFO", "category": "WEBUI", "component": "kassia.webui.jobs", "message": "Job created and saved to database", "details": {"job_id": "8952e939-5a19-4f38-982e-5b8a84cfe6ab", "device": "xX-32A", "os_id": 10, "user_id": "web_user"}}
{"timestamp": "2025-07-31T02:29:18.993508", "level": "INFO", "category": "WEBUI", "component": "kassia.webui", "message": "Build job created", "details": {"job_id": "8952e939-5a19-4f38-982e-5b8a84cfe6ab", "device": "xX-32A", "os_id": 10, "skip_drivers": false, "skip_updates": false}}
{"timestamp": "2025-07-31T02:29:18.995488", "level": "INFO", "category": "WORKFLOW", "component": "kassia.webui", "message": "Operation completed: start_build (0.015s)", "details": {"operation": "start_build", "operation_status": "completed", "duration_seconds": 0.015, "job_id": "8952e939-5a19-4f38-982e-5b8a84cfe6ab"}}
{"timestamp": "2025-07-31T02:29:18.996302", "level": "INFO", "category": "JOB", "component": "kassia.webui.build", "message": "Job context started", "details": {"job_id": "8952e939-5a19-4f38-982e-5b8a84cfe6ab", "context_start": "2025-07-31T02:29:18.996294"}, "job_id": "8952e939-5a19-4f38-982e-5b8a84cfe6ab"}
{"timestamp": "2025-07-31T02:29:18.997632", "level": "INFO", "category": "WORKFLOW", "component": "kassia.webui.build", "message": "Operation started: build_job", "details": {"job_id": "8952e939-5a19-4f38-982e-5b8a84cfe6ab", "operation": "build_job", "operation_status": "started"}, "job_id": "8952e939-5a19-4f38-982e-5b8a84cfe6ab"}
{"timestamp": "2025-07-31T02:29:19.015850", "level": "INFO", "category": "WORKFLOW", "component": "kassia.webui.build", "message": "Build job execution started", "details": {"job_id": "8952e939-5a19-4f38-982e-5b8a84cfe6ab"}, "job_id": "8952e939-5a19-4f38-982e-5b8a84cfe6ab"}
{"timestamp": "2025-07-31T02:29:19.016300", "level": "INFO", "category": "CONFIG", "component": "kassia.webui.build", "message": "Loading configuration", "details": {"job_id": "8952e939-5a19-4f38-982e-5b8a84cfe6ab"}, "job_id": "8952e939-5a19-4f38-982e-5b8a84cfe6ab"}
{"timestamp": "2025-07-31T02:29:19.040912", "level": "INFO", "category": "CONFIG", "component": "kassia.webui.build", "message": "Configuration loaded", "details": {"job_id": "8952e939-5a19-4f38-982e-5b8a84cfe6ab", "device_id": "xX-32A", "selected_os": 10}, "job_id": "8952e939-5a19-4f38-982e-5b8a84cfe6ab"}
{"timestamp": "2025-07-31T02:29:19.042041", "level": "INFO", "category": "SYSTEM", "component": "app.core.asset_providers.local", "message": "LocalAssetProvider initialized:"}
{"timestamp": "2025-07-31T02:29:19.042561", "level": "INFO", "category": "SYSTEM", "component": "app.core.asset_providers.local", "message": "  Assets path: assets"}
{"timestamp": "2025-07-31T02:29:19.046022", "level": "INFO", "category": "SYSTEM", "component": "app.core.asset_providers.local", "message": "  Drivers path: C:\\Users\\z004ac7v\\Kassia\\Python\\assets\\drivers"}
{"timestamp": "2025-07-31T02:29:19.046576", "level": "INFO", "category": "SYSTEM", "component": "app.core.asset_providers.local", "message": "  Updates path: C:\\Users\\z004ac7v\\Kassia\\Python\\assets\\updates"}
{"timestamp": "2025-07-31T02:29:19.047209", "level": "INFO", "category": "SYSTEM", "component": "app.core.asset_providers.local", "message": "  SBI path: C:\\Users\\z004ac7v\\Kassia\\Python\\assets\\sbi"}
{"timestamp": "2025-07-31T02:29:19.047618", "level": "INFO", "category": "SYSTEM", "component": "app.core.asset_providers.local", "message": "  Yunona path: C:\\Users\\z004ac7v\\Kassia\\Python\\assets\\yunona"}
{"timestamp": "2025-07-31T02:29:19.047976", "level": "INFO", "category": "SYSTEM", "component": "app.core.asset_providers.local", "message": "  OS WIM map: {'10': 'D:\\\\assets\\\\sbi\\\\w10_enterprise.wim', '21656': 'D:\\\\assets\\\\sbi\\\\w11_enterprise.wim'}"}
{"timestamp": "2025-07-31T02:29:19.048296", "level": "INFO", "category": "ASSET", "component": "kassia.webui.build", "message": "Discovering assets", "details": {"job_id": "8952e939-5a19-4f38-982e-5b8a84cfe6ab"}, "job_id": "8952e939-5a19-4f38-982e-5b8a84cfe6ab"}
{"timestamp": "2025-07-31T02:29:19.048865", "level": "INFO", "category": "SYSTEM", "component": "app.core.asset_providers.local", "message": "Checking configured WIM path for OS 10: D:\\assets\\sbi\\w10_enterprise.wim"}
{"timestamp": "2025-07-31T02:29:19.049828", "level": "INFO", "category": "SYSTEM", "component": "app.core.asset_providers.local", "message": "Found SBI via config mapping: D:\\assets\\sbi\\w10_enterprise.wim"}
{"timestamp": "2025-07-31T02:29:19.087660", "level": "INFO", "category": "SYSTEM", "component": "app.core.asset_providers.local", "message": "Found 3 compatible drivers for xX-32A OS 10"}
{"timestamp": "2025-07-31T02:29:19.095812", "level": "INFO", "category": "SYSTEM", "component": "app.core.asset_providers.local", "message": "Found 4 compatible updates for OS 10"}
{"timestamp": "2025-07-31T02:29:19.103841", "level": "INFO", "category": "ASSET", "component": "kassia.webui.build", "message": "Asset discovery completed", "details": {"job_id": "8952e939-5a19-4f38-982e-5b8a84cfe6ab", "sbi_found": true, "drivers_count": 3, "updates_count": 4}, "job_id": "8952e939-5a19-4f38-982e-5b8a84cfe6ab"}
{"timestamp": "2025-07-31T02:29:19.111476", "level": "INFO", "category": "WIM", "component": "kassia.webui.build", "message": "Initializing WIM workflow", "details": {"job_id": "8952e939-5a19-4f38-982e-5b8a84cfe6ab"}, "job_id": "8952e939-5a19-4f38-982e-5b8a84cfe6ab"}
{"timestamp": "2025-07-31T02:29:19.171663", "level": "INFO", "category": "SYSTEM", "component": "app.core.wim_handler", "message": "DISM validation successful"}
{"timestamp": "2025-07-31T02:29:19.178960", "level": "INFO", "category": "SYSTEM", "component": "app.core.wim_handler", "message": "Step 1: Preparing WIM for modification..."}
{"timestamp": "2025-07-31T02:29:19.179271", "level": "INFO", "category": "SYSTEM", "component": "app.core.wim_handler", "message": "Getting WIM info for: D:\\assets\\sbi\\w10_enterprise.wim"}
{"timestamp": "2025-07-31T02:29:19.253369", "level": "INFO", "category": "SYSTEM", "component": "app.core.wim_handler", "message": "WIM info retrieved: Microsoft Windows PE (amd64), Index: 1"}
{"timestamp": "2025-07-31T02:29:19.253824", "level": "INFO", "category": "SYSTEM", "component": "app.core.wim_handler", "message": "Source WIM info: Microsoft Windows PE (amd64) (None)"}
{"timestamp": "2025-07-31T02:29:19.255255", "level": "INFO", "category": "SYSTEM", "component": "app.core.wim_handler", "message": "Copying WIM to temporary location..."}
{"timestamp": "2025-07-31T02:29:19.256389", "level": "INFO", "category": "SYSTEM", "component": "app.core.wim_handler", "message": "Copying 510.6 MB from D:\\assets\\sbi\\w10_enterprise.wim to C:\\Users\\z004ac7v\\Kassia\\Python\\runtime\\temp\\w10_enterprise.wim"}
{"timestamp": "2025-07-31T02:29:19.628972", "level": "INFO", "category": "SYSTEM", "component": "app.core.wim_handler", "message": "WIM copied successfully to: C:\\Users\\z004ac7v\\Kassia\\Python\\runtime\\temp\\w10_enterprise.wim"}
{"timestamp": "2025-07-31T02:29:19.629411", "level": "INFO", "category": "WIM", "component": "kassia.webui.build", "message": "WIM preparation completed", "details": {"job_id": "8952e939-5a19-4f38-982e-5b8a84cfe6ab", "temp_wim": "C:\\Users\\z004ac7v\\Kassia\\Python\\runtime\\temp\\w10_enterprise.wim"}, "job_id": "8952e939-5a19-4f38-982e-5b8a84cfe6ab"}
{"timestamp": "2025-07-31T02:29:19.642433", "level": "INFO", "category": "SYSTEM", "component": "app.core.wim_handler", "message": "Step 2: Mounting WIM for modification..."}
{"timestamp": "2025-07-31T02:29:19.642878", "level": "INFO", "category": "SYSTEM", "component": "app.core.wim_handler", "message": "Mounting WIM: C:\\Users\\z004ac7v\\Kassia\\Python\\runtime\\temp\\w10_enterprise.wim at C:\\Users\\z004ac7v\\Kassia\\Python\\runtime\\mount"}
{"timestamp": "2025-07-31T02:29:19.643326", "level": "INFO", "category": "SYSTEM", "component": "app.core.wim_handler", "message": "Executing DISM mount command..."}
{"timestamp": "2025-07-31T02:30:10.211128", "level": "INFO", "category": "SYSTEM", "component": "app.core.wim_handler", "message": "WIM mounted successfully at: C:\\Users\\z004ac7v\\Kassia\\Python\\runtime\\mount"}
{"timestamp": "2025-07-31T02:30:10.211372", "level": "INFO", "category": "WIM", "component": "kassia.webui.build", "message": "WIM mounted successfully", "details": {"job_id": "8952e939-5a19-4f38-982e-5b8a84cfe6ab", "mount_point": "C:\\Users\\z004ac7v\\Kassia\\Python\\runtime\\mount", "read_write": true}, "job_id": "8952e939-5a19-4f38-982e-5b8a84cfe6ab"}
{"timestamp": "2025-07-31T02:30:10.220572", "level": "INFO", "category": "DRIVER", "component": "kassia.webui.build", "message": "Starting driver integration", "details": {"job_id": "8952e939-5a19-4f38-982e-5b8a84cfe6ab", "driver_count": 3}, "job_id": "8952e939-5a19-4f38-982e-5b8a84cfe6ab"}
{"timestamp": "2025-07-31T02:30:10.221066", "level": "INFO", "category": "SYSTEM", "component": "app.core.driver_integration", "message": "Starting driver integration for device xX-32A, OS 10"}
{"timestamp": "2025-07-31T02:30:10.221198", "level": "INFO", "category": "SYSTEM", "component": "app.core.driver_integration", "message": "Starting integration of 3 drivers"}
{"timestamp": "2025-07-31T02:30:10.221991", "level": "INFO", "category": "SYSTEM", "component": "app.core.driver_integration", "message": "Copying Yunona core files to WIM"}
{"timestamp": "2025-07-31T02:30:10.284884", "level": "INFO", "category": "SYSTEM", "component": "app.core.driver_integration", "message": "Yunona core files copied to WIM"}
{"timestamp": "2025-07-31T02:30:10.285300", "level": "INFO", "category": "SYSTEM", "component": "app.core.driver_integration", "message": "Processing driver: Intel Chipset Device Software [inf]"}
{"timestamp": "2025-07-31T02:30:10.286453", "level": "INFO", "category": "SYSTEM", "component": "app.core.driver_integration", "message": "Integrating INF driver via DISM: Intel Chipset Device Software"}
{"timestamp": "2025-07-31T02:31:21.697644", "level": "INFO", "category": "WORKFLOW", "component": "kassia.webui", "message": "Operation started: list_devices", "details": {"operation": "list_devices", "operation_status": "started"}}
{"timestamp": "2025-07-31T02:31:21.716821", "level": "INFO", "category": "WORKFLOW", "component": "kassia.webui", "message": "Operation completed: list_devices (0.019s)", "details": {"operation": "list_devices", "operation_status": "completed", "duration_seconds": 0.019, "device_count": 2, "devices": ["xX-32A", "xX-39A"]}}
{"timestamp": "2025-07-31T02:31:32.608460", "level": "INFO", "category": "WORKFLOW", "component": "kassia.webui", "message": "Operation started: list_devices", "details": {"operation": "list_devices", "operation_status": "started"}}
{"timestamp": "2025-07-31T02:31:32.610359", "level": "INFO", "category": "WORKFLOW", "component": "kassia.webui", "message": "Operation completed: list_devices (0.002s)", "details": {"operation": "list_devices", "operation_status": "completed", "duration_seconds": 0.002, "device_count": 2, "devices": ["xX-32A", "xX-39A"]}}
{"timestamp": "2025-07-31T02:31:36.080952", "level": "INFO", "category": "SYSTEM", "component": "app.core.driver_integration", "message": "Driver integration successful: Intel Chipset Device Software"}
{"timestamp": "2025-07-31T02:31:36.081225", "level": "INFO", "category": "SYSTEM", "component": "app.core.driver_integration", "message": "Processing driver: Intel Optane Memory and Storage Management [appx]"}
{"timestamp": "2025-07-31T02:31:36.081931", "level": "INFO", "category": "SYSTEM", "component": "app.core.driver_integration", "message": "Staging APPX driver to Yunona: Intel Optane Memory and Storage Management"}
{"timestamp": "2025-07-31T02:31:36.473525", "level": "INFO", "category": "SYSTEM", "component": "app.core.driver_integration", "message": "Driver integration successful: Intel Optane Memory and Storage Management"}
{"timestamp": "2025-07-31T02:31:36.473909", "level": "INFO", "category": "SYSTEM", "component": "app.core.driver_integration", "message": "Processing driver: SIMATIC IPC Raid Warning Deamon [exe]"}
{"timestamp": "2025-07-31T02:31:36.474542", "level": "INFO", "category": "SYSTEM", "component": "app.core.driver_integration", "message": "Staging EXE driver to Yunona: SIMATIC IPC Raid Warning Deamon"}
{"timestamp": "2025-07-31T02:31:36.716768", "level": "INFO", "category": "SYSTEM", "component": "app.core.driver_integration", "message": "Driver integration successful: SIMATIC IPC Raid Warning Deamon"}
{"timestamp": "2025-07-31T02:31:36.717004", "level": "INFO", "category": "SYSTEM", "component": "app.core.driver_integration", "message": "Driver integration completed. Success: 3, Failed: 0"}
{"timestamp": "2025-07-31T02:31:36.718854", "level": "ERROR", "category": "SYSTEM", "component": "app.utils.job_database", "message": "Database error: Object of type DriverIntegrationResult is not JSON serializable"}
{"timestamp": "2025-07-31T02:31:36.719571", "level": "ERROR", "category": "SYSTEM", "component": "app.utils.job_database", "message": "Failed to update job in database: Object of type DriverIntegrationResult is not JSON serializable"}
{"timestamp": "2025-07-31T02:31:36.719832", "level": "WARNING", "category": "WEBUI", "component": "kassia.webui.jobs", "message": "Failed to update job in database", "details": {"job_id": "8952e939-5a19-4f38-982e-5b8a84cfe6ab"}}
{"timestamp": "2025-07-31T02:31:36.723837", "level": "INFO", "category": "DRIVER", "component": "kassia.webui.build", "message": "Driver integration completed", "details": {"job_id": "8952e939-5a19-4f38-982e-5b8a84cfe6ab", "success": true, "message": "Integration completed: 3 successful, 0 failed", "results": ["DriverIntegrationResult(driver_asset=DriverAsset(name='Intel Chipset Device Software', path=WindowsPath('C:/Users/z004ac7v/Kassia/Python/assets/drivers/IntelChipset_10.1.19502.8391'), asset_type=<AssetType.DRIVER: 'driver'>, metadata={'driverName': 'Intel Chipset Device Software', 'driverVersion': '10.1.19502.8391', 'manufacturer': 'Intel Corporation', 'downloadFileName': 'IntelChipset_10.1.19502.8391.zip', 'installCommands': [{'type': 'Install', 'filename': '_install.cmd'}, {'type': 'Silent', 'filename': '_silent.cmd'}], 'additionalFiles': [{'typeId': 1, 'displayName': 'License terms Siemens AG (EULA)', 'language': ['de', 'en', 'fr', 'es', 'zh'], 'filename': 'ReadMe_OSS_MULTILINGUAL.htm'}], 'typeId': 451, 'description': 'Driver and Software for Intel Chipset Device', 'supportedDevices': [1, 19951, 19952], 'supportedOperatingSystems': [10, 21656], 'driverFamilyId': 20002, 'order': 10, 'preparedDate': '2025-02-17T12:00:00+01:00', 'releasedDate': '2025-02-17T12:00:00+01:00', 'internalPath': None, 'rebootRequired': True, 'size': None, 'driverType': 'inf'}, size=4096, driver_type=<DriverType.INF: 'inf'>, family_id=20002, supported_devices=[1, 19951, 19952], supported_os=[10, 21656], order=10), success=True, method='DISM', message='INF driver installed successfully (384 files)', duration=85.794487, files_processed=384)", "DriverIntegrationResult(driver_asset=DriverAsset(name='Intel Optane Memory and Storage Management', path=WindowsPath('C:/Users/z004ac7v/Kassia/Python/assets/drivers/IntelHSA_18.1.1041.0'), asset_type=<AssetType.DRIVER: 'driver'>, metadata={'driverName': 'Intel Optane Memory and Storage Management', 'driverVersion': '18.1.1041.0', 'manufacturer': 'Intel Corporation', 'downloadFileName': 'IntelHSA_18.1.1041.0.zip', 'installCommands': [{'type': 'Install', 'filename': '_install.cmd'}, {'type': 'Silent', 'filename': '_silent.cmd'}], 'additionalFiles': [{'typeId': 1, 'displayName': 'License terms Siemens AG (EULA)', 'language': ['de', 'en', 'fr', 'es', 'zh'], 'filename': 'ReadMe_OSS_MULTILINGUAL.htm'}], 'typeId': 251, 'description': 'Graphical User Interface for Intel Rapid Storage-Technologie', 'supportedDevices': [1, 19951, 19952], 'supportedOperatingSystems': [10, 21656, 20], 'driverFamilyId': 21706, 'order': 10, 'preparedDate': '2025-02-17T12:00:00+01:00', 'releasedDate': '2025-02-17T12:00:00+01:00', 'internalPath': None, 'rebootRequired': False, 'size': None, 'driverType': 'appx'}, size=4096, driver_type=<DriverType.APPX: 'appx'>, family_id=21706, supported_devices=[1, 19951, 19952], supported_os=[10, 21656, 20], order=10), success=True, method='YUNONA', message='APPX driver staged successfully (1 packages)', duration=0.391581, files_processed=10)", "DriverIntegrationResult(driver_asset=DriverAsset(name='SIMATIC IPC Raid Warning Deamon', path=WindowsPath('C:/Users/z004ac7v/Kassia/Python/assets/drivers/SiemensRaidDeamon_1.1.0'), asset_type=<AssetType.DRIVER: 'driver'>, metadata={'driverName': 'SIMATIC IPC Raid Warning Deamon', 'driverVersion': '1.1.0', 'manufacturer': 'Siemens AG', 'downloadFileName': 'SiemensRaidDeamon_1.1.0.zip', 'installCommands': [{'type': 'Install', 'filename': '_install.cmd'}, {'type': 'Silent', 'filename': '_silent.cmd'}], 'additionalFiles': [{'typeId': 1, 'displayName': 'License terms Siemens AG (EULA)', 'language': ['de', 'en', 'fr', 'es', 'zh'], 'filename': 'ReadMe_OSS_MULTILINGUAL.htm'}], 'typeId': 451, 'description': 'Raid status indicator for SIMATIC IPC devices', 'supportedDevices': [1, 19951, 19952], 'supportedOperatingSystems': [21656, 10], 'driverFamilyId': 20056, 'order': 10, 'preparedDate': '2025-02-17T12:00:00+01:00', 'releasedDate': '2025-02-17T12:00:00+01:00', 'internalPath': None, 'rebootRequired': True, 'size': None, 'driverType': 'exe'}, size=4096, driver_type=<DriverType.EXE: 'exe'>, family_id=20056, supported_devices=[1, 19951, 19952], supported_os=[21656, 10], order=10), success=True, method='YUNONA', message='EXE driver staged successfully (1 installers)', duration=0.242215, files_processed=5)"], "stats": {"total": 3, "successful": 3, "failed": 0, "inf_via_dism": 1, "appx_via_yunona": 1, "exe_via_yunona": 1}, "successful_count": 3, "failed_count": 0}, "job_id": "8952e939-5a19-4f38-982e-5b8a84cfe6ab"}
{"timestamp": "2025-07-31T02:31:36.732287", "level": "INFO", "category": "UPDATE", "component": "kassia.webui.build", "message": "Starting update integration", "details": {"job_id": "8952e939-5a19-4f38-982e-5b8a84cfe6ab", "update_count": 4}, "job_id": "8952e939-5a19-4f38-982e-5b8a84cfe6ab"}
{"timestamp": "2025-07-31T02:31:36.732679", "level": "INFO", "category": "SYSTEM", "component": "app.core.update_integration", "message": "Starting update integration for OS 10"}
{"timestamp": "2025-07-31T02:31:36.732792", "level": "INFO", "category": "SYSTEM", "component": "app.core.update_integration", "message": "Starting integration of 4 updates"}
{"timestamp": "2025-07-31T02:31:36.733322", "level": "INFO", "category": "SYSTEM", "component": "app.core.update_integration", "message": "Processing update: 2025-01 Servicing Stack Update [msu]"}
{"timestamp": "2025-07-31T02:31:36.733516", "level": "INFO", "category": "SYSTEM", "component": "app.core.update_integration", "message": "Integrating MSU update via DISM: 2025-01 Servicing Stack Update"}
{"timestamp": "2025-07-31T02:31:37.872751", "level": "ERROR", "category": "SYSTEM", "component": "app.core.update_integration", "message": "Update integration failed: 2025-01 Servicing Stack Update - DISM failed with exit code 11: "}
{"timestamp": "2025-07-31T02:31:37.873574", "level": "INFO", "category": "SYSTEM", "component": "app.core.update_integration", "message": "Processing update: 2025-01 Cumulative Update for Windows 10 [msu]"}
{"timestamp": "2025-07-31T02:31:37.873811", "level": "INFO", "category": "SYSTEM", "component": "app.core.update_integration", "message": "Integrating MSU update via DISM: 2025-01 Cumulative Update for Windows 10"}
{"timestamp": "2025-07-31T02:31:38.761620", "level": "ERROR", "category": "SYSTEM", "component": "app.core.update_integration", "message": "Update integration failed: 2025-01 Cumulative Update for Windows 10 - DISM failed with exit code 11: "}
{"timestamp": "2025-07-31T02:31:38.762013", "level": "INFO", "category": "SYSTEM", "component": "app.core.update_integration", "message": "Processing update: Microsoft .NET Framework 4.8.1 [exe]"}
{"timestamp": "2025-07-31T02:31:38.762559", "level": "INFO", "category": "SYSTEM", "component": "app.core.update_integration", "message": "Staging EXE update to Yunona: Microsoft .NET Framework 4.8.1"}
{"timestamp": "2025-07-31T02:31:38.800065", "level": "INFO", "category": "SYSTEM", "component": "app.core.update_integration", "message": "Update integration successful: Microsoft .NET Framework 4.8.1"}
{"timestamp": "2025-07-31T02:31:38.800320", "level": "INFO", "category": "SYSTEM", "component": "app.core.update_integration", "message": "Processing update: Visual C++ 2022 Redistributable [exe]"}
{"timestamp": "2025-07-31T02:31:38.800464", "level": "INFO", "category": "SYSTEM", "component": "app.core.update_integration", "message": "Staging EXE update to Yunona: Visual C++ 2022 Redistributable"}
{"timestamp": "2025-07-31T02:31:38.836925", "level": "INFO", "category": "SYSTEM", "component": "app.core.update_integration", "message": "Update integration successful: Visual C++ 2022 Redistributable"}
{"timestamp": "2025-07-31T02:31:38.837236", "level": "INFO", "category": "SYSTEM", "component": "app.core.update_integration", "message": "Update integration completed. Success: 2, Failed: 2"}
{"timestamp": "2025-07-31T02:31:38.839193", "level": "ERROR", "category": "SYSTEM", "component": "app.utils.job_database", "message": "Database error: Object of type UpdateIntegrationResult is not JSON serializable"}
{"timestamp": "2025-07-31T02:31:38.839495", "level": "ERROR", "category": "SYSTEM", "component": "app.utils.job_database", "message": "Failed to update job in database: Object of type UpdateIntegrationResult is not JSON serializable"}
{"timestamp": "2025-07-31T02:31:38.839593", "level": "WARNING", "category": "WEBUI", "component": "kassia.webui.jobs", "message": "Failed to update job in database", "details": {"job_id": "8952e939-5a19-4f38-982e-5b8a84cfe6ab"}}
{"timestamp": "2025-07-31T02:31:38.843290", "level": "INFO", "category": "UPDATE", "component": "kassia.webui.build", "message": "Update integration completed", "details": {"job_id": "8952e939-5a19-4f38-982e-5b8a84cfe6ab", "success": false, "message": "Integration completed: 2 successful, 2 failed", "results": ["UpdateIntegrationResult(update_asset=UpdateAsset(name='2025-01 Servicing Stack Update', path=WindowsPath('C:/Users/z004ac7v/Kassia/Python/assets/updates/2025-01/KB5034440/windows10.0-kb5034440-x64.msu'), asset_type=<AssetType.UPDATE: 'update'>, metadata={'updateName': '2025-01 Servicing Stack Update', 'updateVersion': 'KB5034440', 'updateType': 'msu', 'downloadFileName': 'windows10.0-kb5034440-x64.msu', 'supportedOperatingSystems': [10, 21652], 'rebootRequired': False, 'order': 50, 'description': 'Servicing Stack Update - Install First', 'downloadDate': '2025-07-29T17:32:32.563351', 'size': 0, 'manufacturer': 'Microsoft Corporation'}, size=323, update_type=<UpdateType.MSU: 'msu'>, update_version='KB5034440', supported_os=[10, 21652], requires_reboot=False, order=50), success=False, method='DISM', message='DISM failed with exit code 11: ', duration=1.139216, size_added=None)", "UpdateIntegrationResult(update_asset=UpdateAsset(name='2025-01 Cumulative Update for Windows 10', path=WindowsPath('C:/Users/z004ac7v/Kassia/Python/assets/updates/2025-01/KB5034441/windows10.0-kb5034441-x64.msu'), asset_type=<AssetType.UPDATE: 'update'>, metadata={'updateName': '2025-01 Cumulative Update for Windows 10', 'updateVersion': 'KB5034441', 'updateType': 'msu', 'downloadFileName': 'windows10.0-kb5034441-x64.msu', 'supportedOperatingSystems': [10, 21652], 'rebootRequired': True, 'order': 100, 'description': 'January 2025 Security and Quality Update', 'downloadDate': '2025-07-29T17:32:32.562119', 'size': 0, 'manufacturer': 'Microsoft Corporation'}, size=333, update_type=<UpdateType.MSU: 'msu'>, update_version='KB5034441', supported_os=[10, 21652], requires_reboot=True, order=100), success=False, method='DISM', message='DISM failed with exit code 11: ', duration=0.887806, size_added=None)", "UpdateIntegrationResult(update_asset=UpdateAsset(name='Microsoft .NET Framework 4.8.1', path=WindowsPath('C:/Users/z004ac7v/Kassia/Python/assets/updates/2025-01/4.8.1/ndp481-x86-x64-allos-enu.exe'), asset_type=<AssetType.UPDATE: 'update'>, metadata={'updateName': 'Microsoft .NET Framework 4.8.1', 'updateVersion': '4.8.1', 'updateType': 'exe', 'downloadFileName': 'ndp481-x86-x64-allos-enu.exe', 'supportedOperatingSystems': [10], 'rebootRequired': True, 'order': 150, 'description': '.NET Framework 4.8.1 Final Release', 'downloadDate': '2025-07-29T17:32:32.570284', 'size': 0, 'manufacturer': 'Microsoft Corporation'}, size=319, update_type=<UpdateType.EXE: 'exe'>, update_version='4.8.1', supported_os=[10], requires_reboot=True, order=150), success=True, method='YUNONA', message='EXE update staged successfully (0.0 MB, 2 files)', duration=0.037501, size_added=None)", "UpdateIntegrationResult(update_asset=UpdateAsset(name='Visual C++ 2022 Redistributable', path=WindowsPath('C:/Users/z004ac7v/Kassia/Python/assets/updates/2025-01/14.38.33135/VC_redist.x64.exe'), asset_type=<AssetType.UPDATE: 'update'>, metadata={'updateName': 'Visual C++ 2022 Redistributable', 'updateVersion': '14.38.33135', 'updateType': 'exe', 'downloadFileName': 'VC_redist.x64.exe', 'supportedOperatingSystems': [10, 21652, 21656], 'rebootRequired': False, 'order': 200, 'description': 'Microsoft Visual C++ 2022 Redistributable Package', 'downloadDate': '2025-07-29T17:32:32.564320', 'size': 0, 'manufacturer': 'Microsoft Corporation'}, size=326, update_type=<UpdateType.EXE: 'exe'>, update_version='14.38.33135', supported_os=[10, 21652, 21656], requires_reboot=False, order=200), success=True, method='YUNONA', message='EXE update staged successfully (0.0 MB, 2 files)', duration=0.036453, size_added=None)"], "stats": {"total": 4, "successful": 2, "failed": 2, "msu_via_dism": 0, "cab_via_dism": 0, "exe_via_yunona": 2, "msi_via_yunona": 0, "total_size_added": 0}, "successful_count": 2, "failed_count": 2}, "job_id": "8952e939-5a19-4f38-982e-5b8a84cfe6ab"}
{"timestamp": "2025-07-31T02:31:38.851878", "level": "INFO", "category": "WIM", "component": "kassia.webui.build", "message": "Starting WIM export", "details": {"job_id": "8952e939-5a19-4f38-982e-5b8a84cfe6ab"}, "job_id": "8952e939-5a19-4f38-982e-5b8a84cfe6ab"}
{"timestamp": "2025-07-31T02:31:38.852922", "level": "INFO", "category": "SYSTEM", "component": "app.core.wim_handler", "message": "Step 3: Finalizing and exporting WIM..."}
{"timestamp": "2025-07-31T02:31:38.853050", "level": "INFO", "category": "SYSTEM", "component": "app.core.wim_handler", "message": "Unmounting WIM: C:\\Users\\z004ac7v\\Kassia\\Python\\runtime\\mount (commit=True, discard=False)"}
{"timestamp": "2025-07-31T02:31:38.853147", "level": "INFO", "category": "SYSTEM", "component": "app.core.wim_handler", "message": "Executing DISM unmount command..."}
{"timestamp": "2025-07-31T02:32:24.574885", "level": "INFO", "category": "SYSTEM", "component": "app.core.wim_handler", "message": "WIM unmounted successfully: C:\\Users\\z004ac7v\\Kassia\\Python\\runtime\\mount"}
{"timestamp": "2025-07-31T02:32:24.575219", "level": "INFO", "category": "SYSTEM", "component": "app.core.wim_handler", "message": "Exporting WIM: C:\\Users\\z004ac7v\\Kassia\\Python\\runtime\\temp\\w10_enterprise.wim -> C:\\Users\\z004ac7v\\Kassia\\Python\\runtime\\export\\10_xX-32A_20250731_023138.wim"}
{"timestamp": "2025-07-31T02:32:24.576518", "level": "INFO", "category": "SYSTEM", "component": "app.core.wim_handler", "message": "Executing DISM export command..."}
{"timestamp": "2025-07-31T02:32:25.375668", "level": "INFO", "category": "SYSTEM", "component": "app.core.wim_handler", "message": "WIM exported successfully: C:\\Users\\z004ac7v\\Kassia\\Python\\runtime\\export\\10_xX-32A_20250731_023138.wim (528.0 MB)"}
{"timestamp": "2025-07-31T02:32:25.383716", "level": "INFO", "category": "SYSTEM", "component": "app.core.wim_handler", "message": "Cleaning up workflow..."}
{"timestamp": "2025-07-31T02:32:25.384000", "level": "INFO", "category": "SYSTEM", "component": "app.core.wim_handler", "message": "Cleaning up all mounted images..."}
{"timestamp": "2025-07-31T02:32:25.384113", "level": "INFO", "category": "SYSTEM", "component": "app.core.wim_handler", "message": "Cleanup completed. Results: []"}
{"timestamp": "2025-07-31T02:32:25.441652", "level": "INFO", "category": "SYSTEM", "component": "app.core.wim_handler", "message": "Removed temporary WIM: C:\\Users\\z004ac7v\\Kassia\\Python\\runtime\\temp\\w10_enterprise.wim"}
{"timestamp": "2025-07-31T02:32:25.444039", "level": "ERROR", "category": "SYSTEM", "component": "app.utils.job_database", "message": "Database error: Object of type DriverIntegrationResult is not JSON serializable"}
{"timestamp": "2025-07-31T02:32:25.444487", "level": "ERROR", "category": "SYSTEM", "component": "app.utils.job_database", "message": "Failed to update job in database: Object of type DriverIntegrationResult is not JSON serializable"}
{"timestamp": "2025-07-31T02:32:25.444668", "level": "WARNING", "category": "WEBUI", "component": "kassia.webui.jobs", "message": "Failed to update job in database", "details": {"job_id": "8952e939-5a19-4f38-982e-5b8a84cfe6ab"}}
{"timestamp": "2025-07-31T02:32:25.448806", "level": "INFO", "category": "WORKFLOW", "component": "kassia.webui.build", "message": "Operation completed: build_job (186.444s)", "details": {"job_id": "8952e939-5a19-4f38-982e-5b8a84cfe6ab", "operation": "build_job", "operation_status": "completed", "duration_seconds": 186.444, "final_wim": "C:\\Users\\z004ac7v\\Kassia\\Python\\runtime\\export\\10_xX-32A_20250731_023138.wim", "final_size_mb": 528.0367908477783}, "job_id": "8952e939-5a19-4f38-982e-5b8a84cfe6ab"}
{"timestamp": "2025-07-31T02:32:25.454852", "level": "INFO", "category": "SYSTEM", "component": "app.utils.job_database", "message": "Daily statistics updated for 2025-07-31"}
{"timestamp": "2025-07-31T02:32:25.455241", "level": "INFO", "category": "JOB", "component": "kassia.webui.build", "message": "Job context completed", "details": {"job_id": "8952e939-5a19-4f38-982e-5b8a84cfe6ab", "duration_seconds": 186.4589455127716}, "job_id": "8952e939-5a19-4f38-982e-5b8a84cfe6ab"}
{"timestamp": "2025-07-31T02:33:27.168288", "level": "INFO", "category": "WEBUI", "component": "kassia.webui", "message": "Kassia WebUI shutting down", "details": {"active_connections": 1, "interrupted_jobs": 1, "total_jobs": 2}}
{"timestamp": "2025-07-31T02:33:27.208468", "level": "WARNING", "category": "WEBUI", "component": "kassia.webui.jobs", "message": "WebSocket send failed", "details": {"error": "Unexpected ASGI message 'websocket.send', after sending 'websocket.close' or response already completed."}}
